<?xml version="1.0" encoding="UTF-8"?>
<!-- Generated by org.testng.reporters.JUnitXMLReporter -->
<testsuite hostname="MAC09F.local" ignored="0" name="Test1" tests="4" failures="0" timestamp="24 Jan 2019 18:41:14 GMT" time="257.678" errors="0">
  <testcase name="validateActionSheets" time="6.066" classname="MobileProgrammingLLC.Tests.UiCatalog_ValidatingActionSheets"/>
  <testcase name="manageAlertViews" time="8.849" classname="MobileProgrammingLLC.Tests.UiCatalog_ManagingAlertViews"/>
  <testcase name="handleDatePicker" time="11.756" classname="MobileProgrammingLLC.Tests.UiCatalog_HandlingDatePicker"/>
  <testcase name="compareSteppers" time="11.116" classname="MobileProgrammingLLC.Tests.UiCatalog_ComparingSteppers"/>
</testsuite> <!-- Test1 -->
